p cnf 43 95
13 10 19 -22 0
-13 22 0
-10 22 0
-19 22 0
-16 -23 0
16 23 0
17 10 -24 0
-17 24 0
-10 24 0
21 3 5 -25 0
-21 25 0
-3 25 0
-5 25 0
-16 -2 -13 26 0
16 -26 0
2 -26 0
13 -26 0
-24 -9 -1 27 0
24 -27 0
9 -27 0
1 -27 0
-2 -8 -3 -1 28 0
2 -28 0
8 -28 0
3 -28 0
1 -28 0
-15 -29 0
15 29 0
-3 -30 0
3 30 0
7 13 27 18 -31 0
-7 31 0
-13 31 0
-27 31 0
-18 31 0
5 13 4 27 8 -32 0
-5 32 0
-13 32 0
-4 32 0
-27 32 0
-8 32 0
2 8 -33 0
-2 33 0
-8 33 0
22 11 23 24 6 -34 0
-22 34 0
-11 34 0
-23 34 0
-24 34 0
-6 34 0
-22 -16 -29 -11 35 0
22 -35 0
16 -35 0
29 -35 0
11 -35 0
26 16 7 -36 0
-26 36 0
-16 36 0
-7 36 0
-15 -37 0
15 37 0
-2 -32 -36 -34 38 0
2 -38 0
32 -38 0
36 -38 0
34 -38 0
-37 -37 39 0
37 -39 0
37 -39 0
34 35 1 11 5 -40 0
-34 40 0
-35 40 0
-1 40 0
-11 40 0
-5 40 0
-18 -41 0
18 41 0
-19 -42 0
19 42 0
12 14 15 20 25 28 30 31 33 38 39 40 41 42 -43 0
-12 43 0
-14 43 0
-15 43 0
-20 43 0
-25 43 0
-28 43 0
-30 43 0
-31 43 0
-33 43 0
-38 43 0
-39 43 0
-40 43 0
-41 43 0
-42 43 0
43 0
