p cnf 92 202
-43 -12 -11 -43 46 0
43 -46 0
12 -46 0
11 -46 0
43 -46 0
-16 -47 0
16 47 0
17 34 31 -48 0
-17 48 0
-34 48 0
-31 48 0
-20 -49 0
20 49 0
-19 -50 0
19 50 0
23 42 13 6 15 -51 0
-23 51 0
-42 51 0
-13 51 0
-6 51 0
-15 51 0
29 43 34 41 13 -52 0
-29 52 0
-43 52 0
-34 52 0
-41 52 0
-13 52 0
-25 -53 0
25 53 0
-11 -18 -23 54 0
11 -54 0
18 -54 0
23 -54 0
-49 -54 -54 55 0
49 -55 0
54 -55 0
54 -55 0
-37 -43 -55 56 0
37 -56 0
43 -56 0
55 -56 0
-55 -57 0
55 57 0
-4 -58 0
4 58 0
-33 -59 0
33 59 0
16 1 51 22 -60 0
-16 60 0
-1 60 0
-51 60 0
-22 60 0
-31 -19 -2 -17 -58 61 0
31 -61 0
19 -61 0
2 -61 0
17 -61 0
58 -61 0
-35 -62 0
35 62 0
-57 -63 0
57 63 0
3 43 -64 0
-3 64 0
-43 64 0
-41 -65 0
41 65 0
-62 -51 -53 -64 -60 66 0
62 -66 0
51 -66 0
53 -66 0
64 -66 0
60 -66 0
-59 -29 67 0
59 -67 0
29 -67 0
6 12 -68 0
-6 68 0
-12 68 0
-33 -69 0
33 69 0
-24 -37 -69 -43 -39 70 0
24 -70 0
37 -70 0
69 -70 0
43 -70 0
39 -70 0
51 61 16 20 -71 0
-51 71 0
-61 71 0
-16 71 0
-20 71 0
68 38 5 2 33 -72 0
-68 72 0
-38 72 0
-5 72 0
-2 72 0
-33 72 0
-15 -46 73 0
15 -73 0
46 -73 0
30 29 44 66 -74 0
-30 74 0
-29 74 0
-44 74 0
-66 74 0
-2 -75 0
2 75 0
-57 -76 0
57 76 0
-40 -59 -1 77 0
40 -77 0
59 -77 0
1 -77 0
26 32 47 -78 0
-26 78 0
-32 78 0
-47 78 0
-58 -23 -55 -73 79 0
58 -79 0
23 -79 0
55 -79 0
73 -79 0
-26 -80 0
26 80 0
-1 -81 0
1 81 0
-56 -66 -12 -20 82 0
56 -82 0
66 -82 0
12 -82 0
20 -82 0
47 18 75 35 38 -83 0
-47 83 0
-18 83 0
-75 83 0
-35 83 0
-38 83 0
80 8 45 81 53 -84 0
-80 84 0
-8 84 0
-45 84 0
-81 84 0
-53 84 0
2 33 -85 0
-2 85 0
-33 85 0
-54 -69 -56 -81 -19 86 0
54 -86 0
69 -86 0
56 -86 0
81 -86 0
19 -86 0
-25 -45 -83 -66 87 0
25 -87 0
45 -87 0
83 -87 0
66 -87 0
-81 -65 -45 88 0
81 -88 0
65 -88 0
45 -88 0
-8 -89 0
8 89 0
-89 -90 0
89 90 0
-42 -91 0
42 91 0
4 7 9 10 14 21 27 28 36 48 50 52 57 63 67 70 71 72 74 76 77 78 79 82 84 85 86 87 88 89 90 91 -92 0
-4 92 0
-7 92 0
-9 92 0
-10 92 0
-14 92 0
-21 92 0
-27 92 0
-28 92 0
-36 92 0
-48 92 0
-50 92 0
-52 92 0
-57 92 0
-63 92 0
-67 92 0
-70 92 0
-71 92 0
-72 92 0
-74 92 0
-76 92 0
-77 92 0
-78 92 0
-79 92 0
-82 92 0
-84 92 0
-85 92 0
-86 92 0
-87 92 0
-88 92 0
-89 92 0
-90 92 0
-91 92 0
92 0
