p cnf 98 217
21 23 -48 0
-21 48 0
-23 48 0
-24 -21 49 0
24 -49 0
21 -49 0
-2 -35 -14 -7 50 0
2 -50 0
35 -50 0
14 -50 0
7 -50 0
22 11 41 35 -51 0
-22 51 0
-11 51 0
-41 51 0
-35 51 0
-27 -27 -28 -10 -33 52 0
27 -52 0
27 -52 0
28 -52 0
10 -52 0
33 -52 0
-36 -53 0
36 53 0
-37 -54 0
37 54 0
-54 -55 0
54 55 0
8 38 16 14 -56 0
-8 56 0
-38 56 0
-16 56 0
-14 56 0
-49 -46 -38 -48 57 0
49 -57 0
46 -57 0
38 -57 0
48 -57 0
-39 -30 -42 58 0
39 -58 0
30 -58 0
42 -58 0
23 30 25 -59 0
-23 59 0
-30 59 0
-25 59 0
-58 -9 -11 -23 -14 60 0
58 -60 0
9 -60 0
11 -60 0
23 -60 0
14 -60 0
45 58 60 48 11 -61 0
-45 61 0
-58 61 0
-60 61 0
-48 61 0
-11 61 0
-49 -62 0
49 62 0
-44 -63 0
44 63 0
13 10 -64 0
-13 64 0
-10 64 0
-31 -20 65 0
31 -65 0
20 -65 0
-56 -66 0
56 66 0
39 11 26 -67 0
-39 67 0
-11 67 0
-26 67 0
21 46 15 27 -68 0
-21 68 0
-46 68 0
-15 68 0
-27 68 0
34 25 -69 0
-34 69 0
-25 69 0
-60 -70 0
60 70 0
-18 -40 -20 71 0
18 -71 0
40 -71 0
20 -71 0
-1 -24 72 0
1 -72 0
24 -72 0
-26 -69 -26 73 0
26 -73 0
69 -73 0
26 -73 0
-16 -74 0
16 74 0
-68 -75 0
68 75 0
-10 -43 -23 -26 -58 76 0
10 -76 0
43 -76 0
23 -76 0
26 -76 0
58 -76 0
-68 -77 0
68 77 0
-63 -78 0
63 78 0
-44 -35 -40 -64 79 0
44 -79 0
35 -79 0
40 -79 0
64 -79 0
-49 -80 0
49 80 0
-36 -81 0
36 81 0
-2 -82 0
2 82 0
12 17 39 74 60 -83 0
-12 83 0
-17 83 0
-39 83 0
-74 83 0
-60 83 0
-8 -84 0
8 84 0
-19 -62 -24 -3 -50 85 0
19 -85 0
62 -85 0
24 -85 0
3 -85 0
50 -85 0
-4 -86 0
4 86 0
-67 -87 0
67 87 0
-56 -88 0
56 88 0
-10 -36 89 0
10 -89 0
36 -89 0
10 6 -90 0
-10 90 0
-6 90 0
-57 -5 -51 -33 -30 91 0
57 -91 0
5 -91 0
51 -91 0
33 -91 0
30 -91 0
91 31 86 75 84 -92 0
-91 92 0
-31 92 0
-86 92 0
-75 92 0
-84 92 0
-5 -93 0
5 93 0
-24 -45 -84 -30 94 0
24 -94 0
45 -94 0
84 -94 0
30 -94 0
-41 -95 0
41 95 0
-87 -96 0
87 96 0
16 30 33 20 15 -97 0
-16 97 0
-30 97 0
-33 97 0
-20 97 0
-15 97 0
4 29 32 37 47 52 53 54 55 56 59 61 63 65 66 67 68 70 71 72 73 76 77 78 79 80 81 82 83 85 87 88 89 90 92 93 94 95 96 97 -98 0
-4 98 0
-29 98 0
-32 98 0
-37 98 0
-47 98 0
-52 98 0
-53 98 0
-54 98 0
-55 98 0
-56 98 0
-59 98 0
-61 98 0
-63 98 0
-65 98 0
-66 98 0
-67 98 0
-68 98 0
-70 98 0
-71 98 0
-72 98 0
-73 98 0
-76 98 0
-77 98 0
-78 98 0
-79 98 0
-80 98 0
-81 98 0
-82 98 0
-83 98 0
-85 98 0
-87 98 0
-88 98 0
-89 98 0
-90 98 0
-92 98 0
-93 98 0
-94 98 0
-95 98 0
-96 98 0
-97 98 0
98 0
