p cnf 88 197
35 36 39 25 17 -43 0
-35 43 0
-36 43 0
-39 43 0
-25 43 0
-17 43 0
21 3 40 29 37 -44 0
-21 44 0
-3 44 0
-40 44 0
-29 44 0
-37 44 0
-7 -45 0
7 45 0
-35 -18 46 0
35 -46 0
18 -46 0
6 21 29 36 21 -47 0
-6 47 0
-21 47 0
-29 47 0
-36 47 0
-21 47 0
33 44 47 12 -48 0
-33 48 0
-44 48 0
-47 48 0
-12 48 0
-14 -8 -19 49 0
14 -49 0
8 -49 0
19 -49 0
-4 -50 0
4 50 0
-3 -51 0
3 51 0
-40 -6 52 0
40 -52 0
6 -52 0
-4 -9 -2 -38 53 0
4 -53 0
9 -53 0
2 -53 0
38 -53 0
47 32 28 -54 0
-47 54 0
-32 54 0
-28 54 0
36 13 7 -55 0
-36 55 0
-13 55 0
-7 55 0
27 45 -56 0
-27 56 0
-45 56 0
24 55 5 27 -57 0
-24 57 0
-55 57 0
-5 57 0
-27 57 0
-12 -23 -57 58 0
12 -58 0
23 -58 0
57 -58 0
-30 -59 0
30 59 0
-23 -47 60 0
23 -60 0
47 -60 0
-21 -61 0
21 61 0
-8 -62 0
8 62 0
-46 -52 -17 63 0
46 -63 0
52 -63 0
17 -63 0
-17 -4 -54 -31 64 0
17 -64 0
4 -64 0
54 -64 0
31 -64 0
59 1 8 -65 0
-59 65 0
-1 65 0
-8 65 0
-2 -66 0
2 66 0
-60 -40 -55 -20 67 0
60 -67 0
40 -67 0
55 -67 0
20 -67 0
66 28 39 -68 0
-66 68 0
-28 68 0
-39 68 0
-3 -69 0
3 69 0
-21 -70 0
21 70 0
-66 -52 71 0
66 -71 0
52 -71 0
3 33 15 5 -72 0
-3 72 0
-33 72 0
-15 72 0
-5 72 0
-35 -73 0
35 73 0
48 72 45 66 52 -74 0
-48 74 0
-72 74 0
-45 74 0
-66 74 0
-52 74 0
34 32 48 -75 0
-34 75 0
-32 75 0
-48 75 0
-70 -76 0
70 76 0
-26 -43 -62 -32 -72 77 0
26 -77 0
43 -77 0
62 -77 0
32 -77 0
72 -77 0
-46 -73 -26 -6 78 0
46 -78 0
73 -78 0
26 -78 0
6 -78 0
-9 -79 0
9 79 0
-5 -80 0
5 80 0
32 30 72 -81 0
-32 81 0
-30 81 0
-72 81 0
-59 -82 0
59 82 0
-29 -5 -30 -46 -76 83 0
29 -83 0
5 -83 0
30 -83 0
46 -83 0
76 -83 0
-22 -84 0
22 84 0
40 75 -85 0
-40 85 0
-75 85 0
75 73 -86 0
-75 86 0
-73 86 0
-23 -81 -5 -42 -7 87 0
23 -87 0
81 -87 0
5 -87 0
42 -87 0
7 -87 0
10 11 16 22 41 49 50 51 53 56 58 61 63 64 65 67 68 69 70 71 74 77 78 79 80 82 83 84 85 86 87 -88 0
-10 88 0
-11 88 0
-16 88 0
-22 88 0
-41 88 0
-49 88 0
-50 88 0
-51 88 0
-53 88 0
-56 88 0
-58 88 0
-61 88 0
-63 88 0
-64 88 0
-65 88 0
-67 88 0
-68 88 0
-69 88 0
-70 88 0
-71 88 0
-74 88 0
-77 88 0
-78 88 0
-79 88 0
-80 88 0
-82 88 0
-83 88 0
-84 88 0
-85 88 0
-86 88 0
-87 88 0
88 0
