p cnf 51 116
15 14 -25 0
-15 25 0
-14 25 0
-9 -26 0
9 26 0
-9 -27 0
9 27 0
-8 -28 0
8 28 0
-25 -14 29 0
25 -29 0
14 -29 0
-9 -30 0
9 30 0
-22 -15 -26 -9 31 0
22 -31 0
15 -31 0
26 -31 0
9 -31 0
28 28 22 5 -32 0
-28 32 0
-28 32 0
-22 32 0
-5 32 0
2 19 -33 0
-2 33 0
-19 33 0
-23 -4 -11 -24 -28 34 0
23 -34 0
4 -34 0
11 -34 0
24 -34 0
28 -34 0
-5 -11 -6 -22 -12 35 0
5 -35 0
11 -35 0
6 -35 0
22 -35 0
12 -35 0
-1 -9 -27 -3 36 0
1 -36 0
9 -36 0
27 -36 0
3 -36 0
31 23 -37 0
-31 37 0
-23 37 0
-29 -38 0
29 38 0
23 6 -39 0
-23 39 0
-6 39 0
-3 -40 0
3 40 0
-30 -1 -13 41 0
30 -41 0
1 -41 0
13 -41 0
6 34 31 -42 0
-6 42 0
-34 42 0
-31 42 0
-13 -43 0
13 43 0
-9 -44 0
9 44 0
-23 -14 -30 -35 -10 45 0
23 -45 0
14 -45 0
30 -45 0
35 -45 0
10 -45 0
-43 -16 -10 -26 46 0
43 -46 0
16 -46 0
10 -46 0
26 -46 0
15 37 24 1 30 -47 0
-15 47 0
-37 47 0
-24 47 0
-1 47 0
-30 47 0
36 11 24 44 -48 0
-36 48 0
-11 48 0
-24 48 0
-44 48 0
-19 -49 0
19 49 0
-37 -6 -41 -25 50 0
37 -50 0
6 -50 0
41 -50 0
25 -50 0
-7 -8 -17 -18 -20 -21 -29 -32 -33 -38 -39 -40 -42 -45 -46 -47 -48 -49 -50 51 0
7 -51 0
8 -51 0
17 -51 0
18 -51 0
20 -51 0
21 -51 0
29 -51 0
32 -51 0
33 -51 0
38 -51 0
39 -51 0
40 -51 0
42 -51 0
45 -51 0
46 -51 0
47 -51 0
48 -51 0
49 -51 0
50 -51 0
51 0
