p cnf 43 98
-15 -20 -18 -14 -6 22 0
15 -22 0
20 -22 0
18 -22 0
14 -22 0
6 -22 0
5 17 -23 0
-5 23 0
-17 23 0
-14 -24 0
14 24 0
20 14 12 13 4 -25 0
-20 25 0
-14 25 0
-12 25 0
-13 25 0
-4 25 0
-23 -17 -18 -23 26 0
23 -26 0
17 -26 0
18 -26 0
23 -26 0
-26 -1 -3 -1 -6 27 0
26 -27 0
1 -27 0
3 -27 0
1 -27 0
6 -27 0
7 13 6 -28 0
-7 28 0
-13 28 0
-6 28 0
-14 -21 29 0
14 -29 0
21 -29 0
10 17 -30 0
-10 30 0
-17 30 0
12 2 -31 0
-12 31 0
-2 31 0
8 11 28 12 9 -32 0
-8 32 0
-11 32 0
-28 32 0
-12 32 0
-9 32 0
-26 -33 0
26 33 0
-5 -13 -1 34 0
5 -34 0
13 -34 0
1 -34 0
20 30 -35 0
-20 35 0
-30 35 0
-33 -15 36 0
33 -36 0
15 -36 0
-25 -7 -19 37 0
25 -37 0
7 -37 0
19 -37 0
-19 -5 38 0
19 -38 0
5 -38 0
-23 -26 -19 -14 -1 39 0
23 -39 0
26 -39 0
19 -39 0
14 -39 0
1 -39 0
-1 -40 0
1 40 0
10 26 33 -41 0
-10 41 0
-26 41 0
-33 41 0
-20 -42 0
20 42 0
-16 -22 -24 -27 -29 -31 -32 -34 -35 -36 -37 -38 -39 -40 -41 -42 43 0
16 -43 0
22 -43 0
24 -43 0
27 -43 0
29 -43 0
31 -43 0
32 -43 0
34 -43 0
35 -43 0
36 -43 0
37 -43 0
38 -43 0
39 -43 0
40 -43 0
41 -43 0
42 -43 0
43 0
