p cnf 32 76
5 4 7 5 3 -16 0
-5 16 0
-4 16 0
-7 16 0
-5 16 0
-3 16 0
11 3 6 10 6 -17 0
-11 17 0
-3 17 0
-6 17 0
-10 17 0
-6 17 0
-8 -14 -16 18 0
8 -18 0
14 -18 0
16 -18 0
-17 -2 19 0
17 -19 0
2 -19 0
-10 -9 -13 -13 20 0
10 -20 0
9 -20 0
13 -20 0
13 -20 0
18 5 18 -21 0
-18 21 0
-5 21 0
-18 21 0
9 12 14 -22 0
-9 22 0
-12 22 0
-14 22 0
15 12 9 9 -23 0
-15 23 0
-12 23 0
-9 23 0
-9 23 0
-10 -20 24 0
10 -24 0
20 -24 0
-4 -25 0
4 25 0
-7 -26 0
7 26 0
-24 -25 -2 -23 -11 27 0
24 -27 0
25 -27 0
2 -27 0
23 -27 0
11 -27 0
-24 -26 -3 28 0
24 -28 0
26 -28 0
3 -28 0
-13 -29 0
13 29 0
-26 -28 -3 -18 30 0
26 -30 0
28 -30 0
3 -30 0
18 -30 0
-25 -13 -7 -20 31 0
25 -31 0
13 -31 0
7 -31 0
20 -31 0
-1 -19 -21 -22 -27 -29 -30 -31 32 0
1 -32 0
19 -32 0
21 -32 0
22 -32 0
27 -32 0
29 -32 0
30 -32 0
31 -32 0
32 0
