p cnf 50 104
-9 -25 0
9 25 0
-1 -16 26 0
1 -26 0
16 -26 0
-12 -23 -13 -25 27 0
12 -27 0
23 -27 0
13 -27 0
25 -27 0
-16 -28 0
16 28 0
-18 -29 0
18 29 0
14 22 -30 0
-14 30 0
-22 30 0
3 20 25 -31 0
-3 31 0
-20 31 0
-25 31 0
-6 -32 0
6 32 0
-9 -21 33 0
9 -33 0
21 -33 0
28 5 10 18 27 -34 0
-28 34 0
-5 34 0
-10 34 0
-18 34 0
-27 34 0
32 30 1 32 7 -35 0
-32 35 0
-30 35 0
-1 35 0
-32 35 0
-7 35 0
-5 -35 -26 36 0
5 -36 0
35 -36 0
26 -36 0
22 33 16 -37 0
-22 37 0
-33 37 0
-16 37 0
-33 -38 0
33 38 0
15 37 17 26 -39 0
-15 39 0
-37 39 0
-17 39 0
-26 39 0
-20 -31 -38 40 0
20 -40 0
31 -40 0
38 -40 0
30 2 6 -41 0
-30 41 0
-2 41 0
-6 41 0
-14 -42 0
14 42 0
-7 -43 0
7 43 0
-6 -44 0
6 44 0
8 22 6 -45 0
-8 45 0
-22 45 0
-6 45 0
35 27 15 38 16 -46 0
-35 46 0
-27 46 0
-15 46 0
-38 46 0
-16 46 0
-29 -29 47 0
29 -47 0
29 -47 0
34 9 33 -48 0
-34 48 0
-9 48 0
-33 48 0
-42 -49 0
42 49 0
4 11 19 24 36 39 40 41 42 43 44 45 46 47 48 49 -50 0
-4 50 0
-11 50 0
-19 50 0
-24 50 0
-36 50 0
-39 50 0
-40 50 0
-41 50 0
-42 50 0
-43 50 0
-44 50 0
-45 50 0
-46 50 0
-47 50 0
-48 50 0
-49 50 0
50 0
