p cnf 40 79
-7 -20 0
7 20 0
10 19 -21 0
-10 21 0
-19 21 0
-7 -13 -21 -13 22 0
7 -22 0
13 -22 0
21 -22 0
13 -22 0
-8 -23 0
8 23 0
-11 -17 -1 24 0
11 -24 0
17 -24 0
1 -24 0
-14 -25 0
14 25 0
-2 -20 -25 -16 26 0
2 -26 0
20 -26 0
25 -26 0
16 -26 0
-5 -27 0
5 27 0
-24 -17 -27 28 0
24 -28 0
17 -28 0
27 -28 0
9 10 25 26 -29 0
-9 29 0
-10 29 0
-25 29 0
-26 29 0
-17 -7 -8 30 0
17 -30 0
7 -30 0
8 -30 0
-7 -31 0
7 31 0
22 14 8 20 -32 0
-22 32 0
-14 32 0
-8 32 0
-20 32 0
-1 -33 0
1 33 0
-29 -34 0
29 34 0
4 23 -35 0
-4 35 0
-23 35 0
-28 -6 36 0
28 -36 0
6 -36 0
-24 -37 0
24 37 0
-24 -31 -35 38 0
24 -38 0
31 -38 0
35 -38 0
-32 -39 0
32 39 0
3 5 12 15 18 29 30 32 33 34 36 37 38 39 -40 0
-3 40 0
-5 40 0
-12 40 0
-15 40 0
-18 40 0
-29 40 0
-30 40 0
-32 40 0
-33 40 0
-34 40 0
-36 40 0
-37 40 0
-38 40 0
-39 40 0
40 0
