p cnf 27 60
11 11 9 -14 0
-11 14 0
-11 14 0
-9 14 0
-7 -15 0
7 15 0
-9 -16 0
9 16 0
13 3 -17 0
-13 17 0
-3 17 0
-17 -9 -13 -3 -7 18 0
17 -18 0
9 -18 0
13 -18 0
3 -18 0
7 -18 0
13 7 5 -19 0
-13 19 0
-7 19 0
-5 19 0
12 3 1 17 5 -20 0
-12 20 0
-3 20 0
-1 20 0
-17 20 0
-5 20 0
15 5 12 10 3 -21 0
-15 21 0
-5 21 0
-12 21 0
-10 21 0
-3 21 0
18 15 -22 0
-18 22 0
-15 22 0
-13 -23 0
13 23 0
-23 -24 0
23 24 0
-5 -25 0
5 25 0
-10 -26 0
10 26 0
2 4 6 8 14 16 19 20 21 22 23 24 25 26 -27 0
-2 27 0
-4 27 0
-6 27 0
-8 27 0
-14 27 0
-16 27 0
-19 27 0
-20 27 0
-21 27 0
-22 27 0
-23 27 0
-24 27 0
-25 27 0
-26 27 0
27 0
