p cnf 55 116
-14 -21 -7 28 0
14 -28 0
21 -28 0
7 -28 0
-10 -29 0
10 29 0
28 3 -30 0
-28 30 0
-3 30 0
-27 -31 0
27 31 0
-2 -32 0
2 32 0
-12 -5 -26 33 0
12 -33 0
5 -33 0
26 -33 0
-11 -34 0
11 34 0
-18 -3 -7 35 0
18 -35 0
3 -35 0
7 -35 0
-21 -23 -13 -28 -25 36 0
21 -36 0
23 -36 0
13 -36 0
28 -36 0
25 -36 0
-7 -37 0
7 37 0
12 7 29 -38 0
-12 38 0
-7 38 0
-29 38 0
6 3 -39 0
-6 39 0
-3 39 0
8 34 -40 0
-8 40 0
-34 40 0
24 6 18 14 -41 0
-24 41 0
-6 41 0
-18 41 0
-14 41 0
-39 -18 -35 -1 -11 42 0
39 -42 0
18 -42 0
35 -42 0
1 -42 0
11 -42 0
-7 -31 -5 43 0
7 -43 0
31 -43 0
5 -43 0
40 32 36 41 38 -44 0
-40 44 0
-32 44 0
-36 44 0
-41 44 0
-38 44 0
-19 -45 0
19 45 0
-19 -17 -44 -28 46 0
19 -46 0
17 -46 0
44 -46 0
28 -46 0
33 24 -47 0
-33 47 0
-24 47 0
18 28 30 4 -48 0
-18 48 0
-28 48 0
-30 48 0
-4 48 0
-32 -49 0
32 49 0
-5 -8 -5 50 0
5 -50 0
8 -50 0
5 -50 0
-5 -43 -11 51 0
5 -51 0
43 -51 0
11 -51 0
-42 -52 0
42 52 0
-35 -53 0
35 53 0
46 42 43 46 -54 0
-46 54 0
-42 54 0
-43 54 0
-46 54 0
2 9 10 15 16 20 22 27 37 45 47 48 49 50 51 52 53 54 -55 0
-2 55 0
-9 55 0
-10 55 0
-15 55 0
-16 55 0
-20 55 0
-22 55 0
-27 55 0
-37 55 0
-45 55 0
-47 55 0
-48 55 0
-49 55 0
-50 55 0
-51 55 0
-52 55 0
-53 55 0
-54 55 0
55 0
