p cnf 99 215
-33 -11 -19 -2 -20 50 0
33 -50 0
11 -50 0
19 -50 0
2 -50 0
20 -50 0
-22 -27 -22 -48 51 0
22 -51 0
27 -51 0
22 -51 0
48 -51 0
-18 -52 0
18 52 0
-24 -53 0
24 53 0
-43 -48 54 0
43 -54 0
48 -54 0
-20 -55 0
20 55 0
-8 -10 -21 56 0
8 -56 0
10 -56 0
21 -56 0
-52 -57 0
52 57 0
46 49 5 -58 0
-46 58 0
-49 58 0
-5 58 0
43 9 -59 0
-43 59 0
-9 59 0
-30 -32 -44 -24 -45 60 0
30 -60 0
32 -60 0
44 -60 0
24 -60 0
45 -60 0
14 33 -61 0
-14 61 0
-33 61 0
56 50 1 39 -62 0
-56 62 0
-50 62 0
-1 62 0
-39 62 0
62 53 57 -63 0
-62 63 0
-53 63 0
-57 63 0
-1 -64 0
1 64 0
-12 -17 65 0
12 -65 0
17 -65 0
-29 -66 0
29 66 0
3 50 38 55 22 -67 0
-3 67 0
-50 67 0
-38 67 0
-55 67 0
-22 67 0
-37 -26 -18 -22 -44 68 0
37 -68 0
26 -68 0
18 -68 0
22 -68 0
44 -68 0
-27 -69 0
27 69 0
58 46 24 35 -70 0
-58 70 0
-46 70 0
-24 70 0
-35 70 0
56 20 -71 0
-56 71 0
-20 71 0
-2 -72 0
2 72 0
-55 -73 0
55 73 0
-31 -55 74 0
31 -74 0
55 -74 0
-34 -75 0
34 75 0
-44 -73 -75 -39 76 0
44 -76 0
73 -76 0
75 -76 0
39 -76 0
-55 -17 77 0
55 -77 0
17 -77 0
2 66 -78 0
-2 78 0
-66 78 0
74 26 -79 0
-74 79 0
-26 79 0
76 24 12 45 -80 0
-76 80 0
-24 80 0
-12 80 0
-45 80 0
-12 -14 -69 81 0
12 -81 0
14 -81 0
69 -81 0
-57 -32 82 0
57 -82 0
32 -82 0
-13 -80 -37 83 0
13 -83 0
80 -83 0
37 -83 0
-12 -84 0
12 84 0
-38 -85 0
38 85 0
-66 -39 -13 86 0
66 -86 0
39 -86 0
13 -86 0
24 33 30 74 27 -87 0
-24 87 0
-33 87 0
-30 87 0
-74 87 0
-27 87 0
-24 -88 0
24 88 0
-60 -45 -3 89 0
60 -89 0
45 -89 0
3 -89 0
-86 -19 90 0
86 -90 0
19 -90 0
3 52 78 23 81 -91 0
-3 91 0
-52 91 0
-78 91 0
-23 91 0
-81 91 0
-17 -68 92 0
17 -92 0
68 -92 0
-69 -86 -28 -7 93 0
69 -93 0
86 -93 0
28 -93 0
7 -93 0
12 29 86 2 -94 0
-12 94 0
-29 94 0
-86 94 0
-2 94 0
71 86 69 83 12 -95 0
-71 95 0
-86 95 0
-69 95 0
-83 95 0
-12 95 0
-40 -96 0
40 96 0
-24 -5 -50 97 0
24 -97 0
5 -97 0
50 -97 0
-41 -98 0
41 98 0
4 6 15 16 25 34 36 40 41 42 47 51 54 59 61 63 64 65 67 70 72 77 79 82 84 85 87 88 89 90 91 92 93 94 95 96 97 98 -99 0
-4 99 0
-6 99 0
-15 99 0
-16 99 0
-25 99 0
-34 99 0
-36 99 0
-40 99 0
-41 99 0
-42 99 0
-47 99 0
-51 99 0
-54 99 0
-59 99 0
-61 99 0
-63 99 0
-64 99 0
-65 99 0
-67 99 0
-70 99 0
-72 99 0
-77 99 0
-79 99 0
-82 99 0
-84 99 0
-85 99 0
-87 99 0
-88 99 0
-89 99 0
-90 99 0
-91 99 0
-92 99 0
-93 99 0
-94 99 0
-95 99 0
-96 99 0
-97 99 0
-98 99 0
99 0
