p cnf 34 84
-15 -1 -3 -1 -9 17 0
15 -17 0
1 -17 0
3 -17 0
1 -17 0
9 -17 0
2 14 17 3 7 -18 0
-2 18 0
-14 18 0
-17 18 0
-3 18 0
-7 18 0
-17 -10 19 0
17 -19 0
10 -19 0
14 1 6 7 -20 0
-14 20 0
-1 20 0
-6 20 0
-7 20 0
-20 -21 0
20 21 0
7 19 20 -22 0
-7 22 0
-19 22 0
-20 22 0
13 18 10 9 14 -23 0
-13 23 0
-18 23 0
-10 23 0
-9 23 0
-14 23 0
-19 -3 -23 24 0
19 -24 0
3 -24 0
23 -24 0
-13 -25 0
13 25 0
1 17 9 11 18 -26 0
-1 26 0
-17 26 0
-9 26 0
-11 26 0
-18 26 0
-5 -20 -7 -20 -25 27 0
5 -27 0
20 -27 0
7 -27 0
20 -27 0
25 -27 0
-27 -27 -13 28 0
27 -28 0
27 -28 0
13 -28 0
-23 -29 0
23 29 0
14 10 2 -30 0
-14 30 0
-10 30 0
-2 30 0
-12 -31 0
12 31 0
-16 -6 -21 -15 -13 32 0
16 -32 0
6 -32 0
21 -32 0
15 -32 0
13 -32 0
-16 -33 0
16 33 0
-4 -8 -12 -22 -24 -26 -28 -29 -30 -31 -32 -33 34 0
4 -34 0
8 -34 0
12 -34 0
22 -34 0
24 -34 0
26 -34 0
28 -34 0
29 -34 0
30 -34 0
31 -34 0
32 -34 0
33 -34 0
34 0
