p cnf 69 159
16 18 -34 0
-16 34 0
-18 34 0
-4 -35 0
4 35 0
-27 -36 0
27 36 0
-31 -10 -20 -16 -22 37 0
31 -37 0
10 -37 0
20 -37 0
16 -37 0
22 -37 0
-24 -38 0
24 38 0
9 8 10 5 -39 0
-9 39 0
-8 39 0
-10 39 0
-5 39 0
-37 -35 -30 -10 -7 40 0
37 -40 0
35 -40 0
30 -40 0
10 -40 0
7 -40 0
-11 -41 0
11 41 0
18 15 3 -42 0
-18 42 0
-15 42 0
-3 42 0
-13 -17 43 0
13 -43 0
17 -43 0
-38 -44 0
38 44 0
28 42 44 1 36 -45 0
-28 45 0
-42 45 0
-44 45 0
-1 45 0
-36 45 0
-30 -13 -17 46 0
30 -46 0
13 -46 0
17 -46 0
-19 -20 -31 47 0
19 -47 0
20 -47 0
31 -47 0
-42 -16 -12 48 0
42 -48 0
16 -48 0
12 -48 0
-20 -2 -35 -35 -6 49 0
20 -49 0
2 -49 0
35 -49 0
35 -49 0
6 -49 0
-37 -50 0
37 50 0
14 42 11 9 14 -51 0
-14 51 0
-42 51 0
-11 51 0
-9 51 0
-14 51 0
-46 -52 0
46 52 0
-26 -53 0
26 53 0
-27 -54 0
27 54 0
41 45 52 -55 0
-41 55 0
-45 55 0
-52 55 0
-20 -14 -26 -52 -39 56 0
20 -56 0
14 -56 0
26 -56 0
52 -56 0
39 -56 0
16 39 49 16 -57 0
-16 57 0
-39 57 0
-49 57 0
-16 57 0
-31 -58 0
31 58 0
-5 -17 -56 59 0
5 -59 0
17 -59 0
56 -59 0
-54 -33 -47 -19 60 0
54 -60 0
33 -60 0
47 -60 0
19 -60 0
-23 -61 0
23 61 0
5 40 38 -62 0
-5 62 0
-40 62 0
-38 62 0
46 21 27 53 26 -63 0
-46 63 0
-21 63 0
-27 63 0
-53 63 0
-26 63 0
10 21 36 -64 0
-10 64 0
-21 64 0
-36 64 0
-55 -51 -33 -40 65 0
55 -65 0
51 -65 0
33 -65 0
40 -65 0
57 45 33 28 -66 0
-57 66 0
-45 66 0
-33 66 0
-28 66 0
-52 -12 -28 67 0
52 -67 0
12 -67 0
28 -67 0
49 67 44 1 39 -68 0
-49 68 0
-67 68 0
-44 68 0
-1 68 0
-39 68 0
-4 -23 -24 -25 -29 -32 -34 -43 -48 -50 -58 -59 -60 -61 -62 -63 -64 -65 -66 -68 69 0
4 -69 0
23 -69 0
24 -69 0
25 -69 0
29 -69 0
32 -69 0
34 -69 0
43 -69 0
48 -69 0
50 -69 0
58 -69 0
59 -69 0
60 -69 0
61 -69 0
62 -69 0
63 -69 0
64 -69 0
65 -69 0
66 -69 0
68 -69 0
69 0
