p cnf 29 64
-6 -15 0
6 15 0
-6 -16 0
6 16 0
7 10 9 -17 0
-7 17 0
-10 17 0
-9 17 0
-12 -18 0
12 18 0
-7 -19 0
7 19 0
-18 -7 -19 20 0
18 -20 0
7 -20 0
19 -20 0
-10 -21 0
10 21 0
-5 -1 -2 -10 -20 22 0
5 -22 0
1 -22 0
2 -22 0
10 -22 0
20 -22 0
22 10 16 9 9 -23 0
-22 23 0
-10 23 0
-16 23 0
-9 23 0
-9 23 0
-8 -24 0
8 24 0
-10 -8 -17 -2 -7 25 0
10 -25 0
8 -25 0
17 -25 0
2 -25 0
7 -25 0
-2 -11 -16 -16 -11 26 0
2 -26 0
11 -26 0
16 -26 0
16 -26 0
11 -26 0
-25 -27 0
25 27 0
-8 -24 28 0
8 -28 0
24 -28 0
-3 -4 -6 -12 -13 -14 -15 -21 -23 -25 -26 -27 -28 29 0
3 -29 0
4 -29 0
6 -29 0
12 -29 0
13 -29 0
14 -29 0
15 -29 0
21 -29 0
23 -29 0
25 -29 0
26 -29 0
27 -29 0
28 -29 0
29 0
