p cnf 49 108
13 7 13 4 20 -24 0
-13 24 0
-7 24 0
-13 24 0
-4 24 0
-20 24 0
10 10 18 -25 0
-10 25 0
-10 25 0
-18 25 0
3 18 -26 0
-3 26 0
-18 26 0
2 21 -27 0
-2 27 0
-21 27 0
-5 -27 -15 -15 28 0
5 -28 0
27 -28 0
15 -28 0
15 -28 0
8 19 -29 0
-8 29 0
-19 29 0
-2 -19 30 0
2 -30 0
19 -30 0
-20 -31 0
20 31 0
-4 -2 -17 -11 -7 32 0
4 -32 0
2 -32 0
17 -32 0
11 -32 0
7 -32 0
19 23 7 -33 0
-19 33 0
-23 33 0
-7 33 0
-18 -14 34 0
18 -34 0
14 -34 0
-10 -27 -30 -29 -24 35 0
10 -35 0
27 -35 0
30 -35 0
29 -35 0
24 -35 0
-14 -36 0
14 36 0
-8 -37 0
8 37 0
-31 -38 0
31 38 0
-17 -39 0
17 39 0
-30 -40 0
30 40 0
-19 -41 0
19 41 0
29 15 10 -42 0
-29 42 0
-15 42 0
-10 42 0
-15 -43 0
15 43 0
-12 -44 0
12 44 0
17 27 28 24 -45 0
-17 45 0
-27 45 0
-28 45 0
-24 45 0
-29 -46 0
29 46 0
-23 -46 -41 -18 47 0
23 -47 0
46 -47 0
41 -47 0
18 -47 0
-13 -48 0
13 48 0
-1 -6 -9 -12 -16 -22 -25 -26 -31 -32 -33 -34 -35 -36 -37 -38 -39 -40 -42 -43 -44 -45 -47 -48 49 0
1 -49 0
6 -49 0
9 -49 0
12 -49 0
16 -49 0
22 -49 0
25 -49 0
26 -49 0
31 -49 0
32 -49 0
33 -49 0
34 -49 0
35 -49 0
36 -49 0
37 -49 0
38 -49 0
39 -49 0
40 -49 0
42 -49 0
43 -49 0
44 -49 0
45 -49 0
47 -49 0
48 -49 0
49 0
