p cnf 51 113
-2 -25 0
2 25 0
-5 -26 0
5 26 0
-6 -27 0
6 27 0
-13 -28 0
13 28 0
-25 -29 0
25 29 0
-13 -30 0
13 30 0
-28 -31 0
28 31 0
13 21 31 17 12 -32 0
-13 32 0
-21 32 0
-31 32 0
-17 32 0
-12 32 0
-29 -25 -11 -25 -7 33 0
29 -33 0
25 -33 0
11 -33 0
25 -33 0
7 -33 0
-10 -34 0
10 34 0
-31 -4 -17 35 0
31 -35 0
4 -35 0
17 -35 0
34 24 -36 0
-34 36 0
-24 36 0
-16 -12 37 0
16 -37 0
12 -37 0
-34 -38 0
34 38 0
-27 -31 39 0
27 -39 0
31 -39 0
-14 -20 -21 -7 40 0
14 -40 0
20 -40 0
21 -40 0
7 -40 0
-5 -10 -36 -29 41 0
5 -41 0
10 -41 0
36 -41 0
29 -41 0
11 20 13 -42 0
-11 42 0
-20 42 0
-13 42 0
29 31 14 40 -43 0
-29 43 0
-31 43 0
-14 43 0
-40 43 0
-10 -25 -40 -7 44 0
10 -44 0
25 -44 0
40 -44 0
7 -44 0
-7 -45 0
7 45 0
31 1 12 -46 0
-31 46 0
-1 46 0
-12 46 0
-42 -32 -18 47 0
42 -47 0
32 -47 0
18 -47 0
-47 -48 0
47 48 0
8 24 1 22 34 -49 0
-8 49 0
-24 49 0
-1 49 0
-22 49 0
-34 49 0
-12 -50 0
12 50 0
-2 -3 -6 -9 -15 -19 -23 -26 -28 -30 -33 -35 -37 -38 -39 -41 -43 -44 -45 -46 -47 -48 -49 -50 51 0
2 -51 0
3 -51 0
6 -51 0
9 -51 0
15 -51 0
19 -51 0
23 -51 0
26 -51 0
28 -51 0
30 -51 0
33 -51 0
35 -51 0
37 -51 0
38 -51 0
39 -51 0
41 -51 0
43 -51 0
44 -51 0
45 -51 0
46 -51 0
47 -51 0
48 -51 0
49 -51 0
50 -51 0
51 0
