p cnf 47 113
8 9 3 -23 0
-8 23 0
-9 23 0
-3 23 0
-17 -14 -4 -16 -18 24 0
17 -24 0
14 -24 0
4 -24 0
16 -24 0
18 -24 0
4 23 24 2 -25 0
-4 25 0
-23 25 0
-24 25 0
-2 25 0
-5 -6 -11 26 0
5 -26 0
6 -26 0
11 -26 0
-5 -6 -12 -18 -6 27 0
5 -27 0
6 -27 0
12 -27 0
18 -27 0
6 -27 0
-10 -9 -7 -13 -6 28 0
10 -28 0
9 -28 0
7 -28 0
13 -28 0
6 -28 0
-3 -6 29 0
3 -29 0
6 -29 0
-6 -30 0
6 30 0
-1 -31 0
1 31 0
-24 -32 0
24 32 0
-3 -33 0
3 33 0
4 10 5 29 -34 0
-4 34 0
-10 34 0
-5 34 0
-29 34 0
-21 -35 0
21 35 0
-27 -19 36 0
27 -36 0
19 -36 0
25 22 6 23 26 -37 0
-25 37 0
-22 37 0
-6 37 0
-23 37 0
-26 37 0
-30 -1 -31 -26 38 0
30 -38 0
1 -38 0
31 -38 0
26 -38 0
33 24 1 16 38 -39 0
-33 39 0
-24 39 0
-1 39 0
-16 39 0
-38 39 0
-29 -40 0
29 40 0
32 8 25 29 -41 0
-32 41 0
-8 41 0
-25 41 0
-29 41 0
-16 -9 -36 42 0
16 -42 0
9 -42 0
36 -42 0
-29 -22 -32 -17 43 0
29 -43 0
22 -43 0
32 -43 0
17 -43 0
17 36 -44 0
-17 44 0
-36 44 0
-38 -22 45 0
38 -45 0
22 -45 0
5 16 31 31 -46 0
-5 46 0
-16 46 0
-31 46 0
-31 46 0
-15 -20 -21 -28 -34 -35 -37 -39 -40 -41 -42 -43 -44 -45 -46 47 0
15 -47 0
20 -47 0
21 -47 0
28 -47 0
34 -47 0
35 -47 0
37 -47 0
39 -47 0
40 -47 0
41 -47 0
42 -47 0
43 -47 0
44 -47 0
45 -47 0
46 -47 0
47 0
