p cnf 93 212
-21 -45 0
21 45 0
-26 -46 0
26 46 0
-26 -22 47 0
26 -47 0
22 -47 0
-40 -10 -42 48 0
40 -48 0
10 -48 0
42 -48 0
-47 -49 0
47 49 0
5 44 -50 0
-5 50 0
-44 50 0
-45 -27 51 0
45 -51 0
27 -51 0
-27 -42 -44 52 0
27 -52 0
42 -52 0
44 -52 0
26 48 28 -53 0
-26 53 0
-48 53 0
-28 53 0
31 3 27 11 -54 0
-31 54 0
-3 54 0
-27 54 0
-11 54 0
38 41 27 29 12 -55 0
-38 55 0
-41 55 0
-27 55 0
-29 55 0
-12 55 0
-44 -8 -8 -14 56 0
44 -56 0
8 -56 0
8 -56 0
14 -56 0
-13 -57 0
13 57 0
30 22 43 -58 0
-30 58 0
-22 58 0
-43 58 0
53 52 12 53 -59 0
-53 59 0
-52 59 0
-12 59 0
-53 59 0
-42 -23 -32 60 0
42 -60 0
23 -60 0
32 -60 0
11 54 24 10 -61 0
-11 61 0
-54 61 0
-24 61 0
-10 61 0
-12 -62 0
12 62 0
-52 -63 0
52 63 0
-6 -43 64 0
6 -64 0
43 -64 0
-50 -65 0
50 65 0
-38 -66 0
38 66 0
22 48 16 44 51 -67 0
-22 67 0
-48 67 0
-16 67 0
-44 67 0
-51 67 0
62 54 -68 0
-62 68 0
-54 68 0
-37 -69 0
37 69 0
-69 -17 -18 70 0
69 -70 0
17 -70 0
18 -70 0
-21 -67 -15 -57 71 0
21 -71 0
67 -71 0
15 -71 0
57 -71 0
-38 -63 -7 -34 -21 72 0
38 -72 0
63 -72 0
7 -72 0
34 -72 0
21 -72 0
-13 -73 0
13 73 0
29 3 55 33 18 -74 0
-29 74 0
-3 74 0
-55 74 0
-33 74 0
-18 74 0
-52 -12 -5 -40 75 0
52 -75 0
12 -75 0
5 -75 0
40 -75 0
-68 -55 -33 -34 -62 76 0
68 -76 0
55 -76 0
33 -76 0
34 -76 0
62 -76 0
-53 -77 0
53 77 0
-2 -78 0
2 78 0
-76 -79 0
76 79 0
-65 -80 0
65 80 0
44 44 75 -81 0
-44 81 0
-44 81 0
-75 81 0
22 52 37 -82 0
-22 82 0
-52 82 0
-37 82 0
-40 -83 0
40 83 0
-43 -80 -15 84 0
43 -84 0
80 -84 0
15 -84 0
-76 -15 -33 -68 -41 85 0
76 -85 0
15 -85 0
33 -85 0
68 -85 0
41 -85 0
-66 -58 86 0
66 -86 0
58 -86 0
-73 -74 -74 87 0
73 -87 0
74 -87 0
74 -87 0
-84 -2 -84 88 0
84 -88 0
2 -88 0
84 -88 0
-42 -86 89 0
42 -89 0
86 -89 0
-29 -27 -45 -75 90 0
29 -90 0
27 -90 0
45 -90 0
75 -90 0
-65 -84 -73 -23 -63 91 0
65 -91 0
84 -91 0
73 -91 0
23 -91 0
63 -91 0
24 9 31 13 -92 0
-24 92 0
-9 92 0
-31 92 0
-13 92 0
-1 -4 -19 -20 -25 -35 -36 -39 -46 -47 -49 -50 -56 -59 -60 -61 -64 -70 -71 -72 -77 -78 -79 -81 -82 -83 -85 -87 -88 -89 -90 -91 -92 93 0
1 -93 0
4 -93 0
19 -93 0
20 -93 0
25 -93 0
35 -93 0
36 -93 0
39 -93 0
46 -93 0
47 -93 0
49 -93 0
50 -93 0
56 -93 0
59 -93 0
60 -93 0
61 -93 0
64 -93 0
70 -93 0
71 -93 0
72 -93 0
77 -93 0
78 -93 0
79 -93 0
81 -93 0
82 -93 0
83 -93 0
85 -93 0
87 -93 0
88 -93 0
89 -93 0
90 -93 0
91 -93 0
92 -93 0
93 0
