p cnf 59 137
-15 -15 -3 -21 -28 29 0
15 -29 0
15 -29 0
3 -29 0
21 -29 0
28 -29 0
10 10 8 -30 0
-10 30 0
-10 30 0
-8 30 0
-6 -26 -1 31 0
6 -31 0
26 -31 0
1 -31 0
-31 -7 -9 32 0
31 -32 0
7 -32 0
9 -32 0
-9 -5 -8 -10 -26 33 0
9 -33 0
5 -33 0
8 -33 0
10 -33 0
26 -33 0
-5 -34 0
5 34 0
-3 -1 35 0
3 -35 0
1 -35 0
-13 -36 0
13 36 0
17 10 35 35 -37 0
-17 37 0
-10 37 0
-35 37 0
-35 37 0
-36 -38 0
36 38 0
5 3 17 28 29 -39 0
-5 39 0
-3 39 0
-17 39 0
-28 39 0
-29 39 0
-36 -29 -17 -12 40 0
36 -40 0
29 -40 0
17 -40 0
12 -40 0
-19 -41 0
19 41 0
36 38 -42 0
-36 42 0
-38 42 0
18 25 -43 0
-18 43 0
-25 43 0
-15 -44 0
15 44 0
-25 -45 0
25 45 0
-22 -46 0
22 46 0
-27 -22 47 0
27 -47 0
22 -47 0
-9 -34 -44 -10 -28 48 0
9 -48 0
34 -48 0
44 -48 0
10 -48 0
28 -48 0
3 1 45 9 -49 0
-3 49 0
-1 49 0
-45 49 0
-9 49 0
-9 -50 0
9 50 0
-27 -24 51 0
27 -51 0
24 -51 0
-15 -33 -42 52 0
15 -52 0
33 -52 0
42 -52 0
-24 -53 0
24 53 0
6 12 20 35 26 -54 0
-6 54 0
-12 54 0
-20 54 0
-35 54 0
-26 54 0
50 11 42 9 22 -55 0
-50 55 0
-11 55 0
-42 55 0
-9 55 0
-22 55 0
24 54 43 19 31 -56 0
-24 56 0
-54 56 0
-43 56 0
-19 56 0
-31 56 0
18 19 -57 0
-18 57 0
-19 57 0
28 31 -58 0
-28 58 0
-31 58 0
2 4 13 14 16 23 30 32 37 39 40 41 46 47 48 49 51 52 53 55 56 57 58 -59 0
-2 59 0
-4 59 0
-13 59 0
-14 59 0
-16 59 0
-23 59 0
-30 59 0
-32 59 0
-37 59 0
-39 59 0
-40 59 0
-41 59 0
-46 59 0
-47 59 0
-48 59 0
-49 59 0
-51 59 0
-52 59 0
-53 59 0
-55 59 0
-56 59 0
-57 59 0
-58 59 0
59 0
