p cnf 46 96
-12 -10 -19 -17 23 0
12 -23 0
10 -23 0
19 -23 0
17 -23 0
7 3 -24 0
-7 24 0
-3 24 0
-1 -15 -19 -20 -8 25 0
1 -25 0
15 -25 0
19 -25 0
20 -25 0
8 -25 0
-19 -26 0
19 26 0
-14 -27 0
14 27 0
-18 -28 0
18 28 0
22 3 6 -29 0
-22 29 0
-3 29 0
-6 29 0
-19 -30 0
19 30 0
-6 -31 0
6 31 0
-15 -32 0
15 32 0
-9 -33 0
9 33 0
-31 -34 0
31 34 0
-20 -35 0
20 35 0
-8 -22 -8 36 0
8 -36 0
22 -36 0
8 -36 0
-1 -37 0
1 37 0
-28 -38 0
28 38 0
24 22 15 33 -39 0
-24 39 0
-22 39 0
-15 39 0
-33 39 0
-25 -40 0
25 40 0
-40 -41 0
40 41 0
-18 -42 0
18 42 0
-30 -43 0
30 43 0
-1 -3 -3 44 0
1 -44 0
3 -44 0
3 -44 0
-33 -43 -28 -14 45 0
33 -45 0
43 -45 0
28 -45 0
14 -45 0
2 4 5 9 11 13 16 18 21 23 25 26 27 29 30 31 32 34 35 36 37 38 39 40 41 42 44 45 -46 0
-2 46 0
-4 46 0
-5 46 0
-9 46 0
-11 46 0
-13 46 0
-16 46 0
-18 46 0
-21 46 0
-23 46 0
-25 46 0
-26 46 0
-27 46 0
-29 46 0
-30 46 0
-31 46 0
-32 46 0
-34 46 0
-35 46 0
-36 46 0
-37 46 0
-38 46 0
-39 46 0
-40 46 0
-41 46 0
-42 46 0
-44 46 0
-45 46 0
46 0
