p cnf 68 152
-3 -33 0
3 33 0
-11 -33 34 0
11 -34 0
33 -34 0
20 3 14 -35 0
-20 35 0
-3 35 0
-14 35 0
-2 -36 0
2 36 0
17 19 -37 0
-17 37 0
-19 37 0
22 31 15 29 -38 0
-22 38 0
-31 38 0
-15 38 0
-29 38 0
-13 -33 -4 -15 -29 39 0
13 -39 0
33 -39 0
4 -39 0
15 -39 0
29 -39 0
21 36 31 32 -40 0
-21 40 0
-36 40 0
-31 40 0
-32 40 0
17 33 36 -41 0
-17 41 0
-33 41 0
-36 41 0
3 1 -42 0
-3 42 0
-1 42 0
-21 -43 0
21 43 0
-6 -15 -1 -6 44 0
6 -44 0
15 -44 0
1 -44 0
6 -44 0
11 37 12 -45 0
-11 45 0
-37 45 0
-12 45 0
14 43 5 -46 0
-14 46 0
-43 46 0
-5 46 0
42 8 19 2 39 -47 0
-42 47 0
-8 47 0
-19 47 0
-2 47 0
-39 47 0
-11 -48 0
11 48 0
-47 -49 0
47 49 0
-32 -41 -15 50 0
32 -50 0
41 -50 0
15 -50 0
-28 -15 -25 51 0
28 -51 0
15 -51 0
25 -51 0
21 31 19 33 49 -52 0
-21 52 0
-31 52 0
-19 52 0
-33 52 0
-49 52 0
-27 -53 0
27 53 0
23 50 -54 0
-23 54 0
-50 54 0
-26 -55 0
26 55 0
39 54 2 40 -56 0
-39 56 0
-54 56 0
-2 56 0
-40 56 0
-30 -54 -50 -9 57 0
30 -57 0
54 -57 0
50 -57 0
9 -57 0
-20 -58 0
20 58 0
-45 -59 0
45 59 0
-15 -42 -35 60 0
15 -60 0
42 -60 0
35 -60 0
-37 -52 -31 -18 -34 61 0
37 -61 0
52 -61 0
31 -61 0
18 -61 0
34 -61 0
25 14 14 -62 0
-25 62 0
-14 62 0
-14 62 0
-15 -63 0
15 63 0
-38 -46 -13 -41 -28 64 0
38 -64 0
46 -64 0
13 -64 0
41 -64 0
28 -64 0
-20 -65 0
20 65 0
-65 -66 0
65 66 0
-8 -60 67 0
8 -67 0
60 -67 0
-7 -10 -16 -24 -26 -27 -44 -45 -47 -48 -51 -53 -55 -56 -57 -58 -59 -61 -62 -63 -64 -65 -66 -67 68 0
7 -68 0
10 -68 0
16 -68 0
24 -68 0
26 -68 0
27 -68 0
44 -68 0
45 -68 0
47 -68 0
48 -68 0
51 -68 0
53 -68 0
55 -68 0
56 -68 0
57 -68 0
58 -68 0
59 -68 0
61 -68 0
62 -68 0
63 -68 0
64 -68 0
65 -68 0
66 -68 0
67 -68 0
68 0
