p cnf 56 112
10 22 -28 0
-10 28 0
-22 28 0
-15 -29 0
15 29 0
5 28 -30 0
-5 30 0
-28 30 0
-24 -17 -8 31 0
24 -31 0
17 -31 0
8 -31 0
-16 -21 -10 32 0
16 -32 0
21 -32 0
10 -32 0
-27 -33 0
27 33 0
-29 -34 0
29 34 0
-32 -14 35 0
32 -35 0
14 -35 0
2 6 -36 0
-2 36 0
-6 36 0
15 29 -37 0
-15 37 0
-29 37 0
-19 -3 38 0
19 -38 0
3 -38 0
-17 -39 0
17 39 0
-8 -40 0
8 40 0
16 11 38 -41 0
-16 41 0
-11 41 0
-38 41 0
-18 -42 0
18 42 0
-13 -43 0
13 43 0
22 15 -44 0
-22 44 0
-15 44 0
-9 -35 -35 -30 45 0
9 -45 0
35 -45 0
35 -45 0
30 -45 0
-18 -46 0
18 46 0
-24 -41 -39 47 0
24 -47 0
41 -47 0
39 -47 0
1 32 1 46 -48 0
-1 48 0
-32 48 0
-1 48 0
-46 48 0
34 40 21 -49 0
-34 49 0
-40 49 0
-21 49 0
13 46 40 5 -50 0
-13 50 0
-46 50 0
-40 50 0
-5 50 0
-16 -51 0
16 51 0
-17 -20 -30 -25 -14 52 0
17 -52 0
20 -52 0
30 -52 0
25 -52 0
14 -52 0
7 45 44 -53 0
-7 53 0
-45 53 0
-44 53 0
-24 -54 0
24 54 0
6 50 4 29 -55 0
-6 55 0
-50 55 0
-4 55 0
-29 55 0
-12 -18 -23 -26 -27 -31 -33 -36 -37 -42 -43 -47 -48 -49 -51 -52 -53 -54 -55 56 0
12 -56 0
18 -56 0
23 -56 0
26 -56 0
27 -56 0
31 -56 0
33 -56 0
36 -56 0
37 -56 0
42 -56 0
43 -56 0
47 -56 0
48 -56 0
49 -56 0
51 -56 0
52 -56 0
53 -56 0
54 -56 0
55 -56 0
56 0
