p cnf 68 163
-12 -16 33 0
12 -33 0
16 -33 0
10 26 30 -34 0
-10 34 0
-26 34 0
-30 34 0
-28 -35 0
28 35 0
16 17 20 -36 0
-16 36 0
-17 36 0
-20 36 0
-31 -37 0
31 37 0
-35 -26 -22 -13 -11 38 0
35 -38 0
26 -38 0
22 -38 0
13 -38 0
11 -38 0
-7 -39 0
7 39 0
37 20 7 28 37 -40 0
-37 40 0
-20 40 0
-7 40 0
-28 40 0
-37 40 0
-17 -23 -21 -19 41 0
17 -41 0
23 -41 0
21 -41 0
19 -41 0
-23 -42 0
23 42 0
40 30 -43 0
-40 43 0
-30 43 0
33 30 25 25 38 -44 0
-33 44 0
-30 44 0
-25 44 0
-25 44 0
-38 44 0
41 32 17 31 7 -45 0
-41 45 0
-32 45 0
-17 45 0
-31 45 0
-7 45 0
-42 -33 46 0
42 -46 0
33 -46 0
21 23 22 -47 0
-21 47 0
-23 47 0
-22 47 0
-37 -10 -35 -12 -36 48 0
37 -48 0
10 -48 0
35 -48 0
12 -48 0
36 -48 0
4 14 -49 0
-4 49 0
-14 49 0
9 35 6 12 -50 0
-9 50 0
-35 50 0
-6 50 0
-12 50 0
13 36 14 10 5 -51 0
-13 51 0
-36 51 0
-14 51 0
-10 51 0
-5 51 0
-2 -52 0
2 52 0
50 39 11 -53 0
-50 53 0
-39 53 0
-11 53 0
-18 -16 -6 -23 54 0
18 -54 0
16 -54 0
6 -54 0
23 -54 0
27 32 40 30 51 -55 0
-27 55 0
-32 55 0
-40 55 0
-30 55 0
-51 55 0
-2 -44 56 0
2 -56 0
44 -56 0
-42 -13 -52 -53 -39 57 0
42 -57 0
13 -57 0
52 -57 0
53 -57 0
39 -57 0
13 51 18 54 -58 0
-13 58 0
-51 58 0
-18 58 0
-54 58 0
45 47 21 52 -59 0
-45 59 0
-47 59 0
-21 59 0
-52 59 0
-55 -54 60 0
55 -60 0
54 -60 0
-6 -61 0
6 61 0
-20 -14 -49 -14 -15 62 0
20 -62 0
14 -62 0
49 -62 0
14 -62 0
15 -62 0
-20 -8 63 0
20 -63 0
8 -63 0
-15 -64 0
15 64 0
-46 -13 -15 -23 65 0
46 -65 0
13 -65 0
15 -65 0
23 -65 0
12 40 35 63 -66 0
-12 66 0
-40 66 0
-35 66 0
-63 66 0
23 16 -67 0
-23 67 0
-16 67 0
-1 -3 -24 -29 -34 -43 -48 -56 -57 -58 -59 -60 -61 -62 -64 -65 -66 -67 68 0
1 -68 0
3 -68 0
24 -68 0
29 -68 0
34 -68 0
43 -68 0
48 -68 0
56 -68 0
57 -68 0
58 -68 0
59 -68 0
60 -68 0
61 -68 0
62 -68 0
64 -68 0
65 -68 0
66 -68 0
67 -68 0
68 0
